Settings:
source panel ID: f_0
  source_filename: "W0.jpg"
  source_filename_mask: "wood_mask.png"
  source_scale: 1
  source_dpi: 300
  num_markers: 0
source panel ID: f_1
  source_filename: "W1.jpg"
  source_filename_mask: "wood_mask.png"
  source_scale: 1
  source_dpi: 300
  num_markers: 0
source panel ID: f_2
  source_filename: "W2.jpg"
  source_filename_mask: "wood_mask.png"
  source_scale: 1
  source_dpi: 300
  num_markers: 0
source panel ID: f_3
  source_filename: "W3.jpg"
  source_filename_mask: "wood_mask.png"
  source_scale: 1
  source_dpi: 300
  num_markers: 0
source panel ID: f_4
  source_filename: "W4.jpg"
  source_filename_mask: "wood_mask.png"
  source_scale: 1
  source_dpi: 300
  num_markers: 0
source panel ID: f_5
  source_filename: "W5.jpg"
  source_filename_mask: "wood_mask.png"
  source_scale: 1
  source_dpi: 300
  num_markers: 0
source panel ID: f_6
  source_filename: "W6.jpg"
  source_filename_mask: "wood_mask.png"
  source_scale: 1
  source_dpi: 300
  num_markers: 0
source panel ID: f_7
  source_filename: "W7.jpg"
  source_filename_mask: "wood_mask.png"
  source_scale: 1
  source_dpi: 300
  num_markers: 0
source panel ID: f_8
  source_filename: "W8.jpg"
  source_filename_mask: "wood_mask.png"
  source_scale: 1
  source_dpi: 300
  num_markers: 0
target_filename: "img.jpg"
target_scale: 2
target_dpi: 300
target_morphed_grid: yes
min_patch_size: 48
patch_levels: 1
patch_quality_factor: 1.5
weight_intensity: 0.5
weight_sobel: 0.5
weight_gabor: 0
histogram_matching: 0.5
filter_resolution: 32
num_filter_directions: 4
filter_bandwidth_octaves: 1
Compute target responses...
done
Compute 135 texture features...
.........(10)..........(20)..........(30)..........(40)..........(50)..........(60)..........(70)..........(80)..........(90)..........(100)..........(110)..........(120)..........(130)......done
Target 0 approx. size in mm: 162.56 x 108.035
fit patch0
fit patch1
fit patch2
fit patch3
fit patch4
fit patch5
fit patch6
fit patch7
fit patch8
fit patch9
fit patch10
fit patch11
fit patch12
fit patch13
fit patch14
fit patch15
fit patch16
fit patch17
fit patch18
fit patch19
fit patch20
fit patch21
fit patch22
fit patch23
fit patch24
fit patch25
fit patch26
fit patch27
fit patch28
fit patch29
fit patch30
fit patch31
fit patch32
fit patch33
fit patch34
fit patch35
fit patch36
fit patch37
fit patch38
fit patch39
fit patch40
fit patch41
fit patch42
fit patch43
fit patch44
fit patch45
fit patch46
fit patch47
fit patch48
fit patch49
fit patch50
fit patch51
fit patch52
fit patch53
fit patch54
fit patch55
fit patch56
fit patch57
fit patch58
fit patch59
fit patch60
fit patch61
fit patch62
fit patch63
fit patch64
fit patch65
fit patch66
fit patch67
fit patch68
fit patch69
fit patch70
fit patch71
fit patch72
fit patch73
fit patch74
fit patch75
fit patch76
fit patch77
fit patch78
fit patch79
fit patch80
fit patch81
fit patch82
fit patch83
fit patch84
fit patch85
fit patch86
fit patch87
fit patch88
fit patch89
fit patch90
fit patch91
fit patch92
fit patch93
fit patch94
fit patch95
fit patch96
fit patch97
fit patch98
fit patch99
fit patch100
fit patch101
fit patch102
fit patch103
fit patch104
fit patch105
fit patch106
fit patch107
fit patch108
fit patch109
fit patch110
fit patch111
fit patch112
fit patch113
fit patch114
fit patch115
fit patch116
fit patch117
fit patch118
fit patch119
fit patch120
fit patch121
fit patch122
fit patch123
fit patch124
fit patch125
fit patch126
fit patch127
fit patch128
fit patch129
fit patch130
fit patch131
fit patch132
fit patch133
fit patch134
fit patch135
fit patch136
fit patch137
fit patch138
fit patch139
fit patch140
fit patch141
fit patch142
fit patch143
fit patch144
fit patch145
fit patch146
fit patch147
fit patch148
fit patch149
fit patch150
fit patch151
fit patch152
fit patch153
fit patch154
fit patch155
fit patch156
fit patch157
fit patch158
fit patch159
fit patch160
fit patch161
fit patch162
fit patch163
fit patch164
fit patch165
fit patch166
fit patch167
fit patch168
fit patch169
fit patch170
fit patch171
fit patch172
fit patch173
fit patch174
fit patch175
fit patch176
fit patch177
fit patch178
fit patch179
fit patch180
fit patch181
fit patch182
fit patch183
fit patch184
fit patch185
fit patch186
fit patch187
fit patch188
fit patch189
fit patch190
fit patch191
fit patch192
fit patch193
fit patch194
fit patch195
fit patch196
fit patch197
fit patch198
fit patch199
fit patch200
fit patch201
fit patch202
fit patch203
fit patch204
fit patch205
fit patch206
fit patch207
fit patch208
fit patch209
fit patch210
fit patch211
fit patch212
fit patch213
fit patch214
fit patch215
fit patch216
fit patch217
fit patch218
fit patch219
fit patch220
fit patch221
fit patch222
fit patch223
fit patch224
fit patch225
fit patch226
fit patch227
fit patch228
fit patch229
fit patch230
fit patch231
fit patch232
fit patch233
fit patch234
fit patch235
fit patch236
fit patch237
fit patch238
fit patch239
fit patch240
fit patch241
fit patch242
fit patch243
fit patch244
fit patch245
fit patch246
fit patch247
fit patch248
fit patch249
fit patch250
fit patch251
fit patch252
fit patch253
fit patch254
fit patch255
fit patch256
fit patch257
fit patch258
fit patch259
fit patch260
fit patch261
fit patch262
fit patch263
fit patch264
fit patch265
fit patch266
fit patch267
fit patch268
fit patch269
fit patch270
fit patch271
fit patch272
fit patch273
fit patch274
fit patch275
fit patch276
fit patch277
fit patch278
fit patch279
fit patch280
fit patch281
fit patch282
fit patch283
fit patch284
fit patch285
fit patch286
fit patch287
fit patch288
fit patch289
fit patch290
fit patch291
fit patch292
fit patch293
fit patch294
fit patch295
fit patch296
fit patch297
fit patch298
fit patch299
fit patch300
fit patch301
fit patch302
fit patch303
fit patch304
fit patch305
fit patch306
fit patch307
fit patch308
fit patch309
fit patch310
fit patch311
fit patch312
fit patch313
fit patch314
fit patch315
fit patch316
fit patch317
fit patch318
fit patch319
fit patch320
fit patch321
fit patch322
fit patch323
fit patch324
fit patch325
fit patch326
fit patch327
fit patch328
fit patch329
fit patch330
fit patch331
fit patch332
fit patch333
fit patch334
fit patch335
fit patch336
fit patch337
fit patch338
fit patch339
fit patch340
fit patch341
fit patch342
fit patch343
fit patch344
fit patch345
fit patch346
fit patch347
fit patch348
fit patch349
fit patch350
fit patch351
fit patch352
fit patch353
fit patch354
fit patch355
fit patch356
fit patch357
fit patch358
fit patch359
fit patch360
fit patch361
fit patch362
fit patch363
fit patch364
fit patch365
fit patch366
fit patch367
fit patch368
fit patch369
fit patch370
fit patch371
fit patch372
fit patch373
fit patch374
fit patch375
fit patch376
fit patch377
fit patch378
fit patch379
fit patch380
fit patch381
fit patch382
fit patch383
fit patch384
fit patch385
fit patch386
fit patch387
fit patch388
fit patch389
fit patch390
fit patch391
fit patch392
fit patch393
fit patch394
fit patch395
fit patch396
fit patch397
fit patch398
fit patch399
fit patch400
fit patch401
fit patch402
fit patch403
fit patch404
fit patch405
fit patch406
fit patch407
fit patch408
fit patch409
fit patch410
fit patch411
fit patch412
fit patch413
fit patch414
fit patch415
fit patch416
fit patch417
fit patch418
fit patch419
fit patch420
fit patch421
fit patch422
fit patch423
fit patch424
fit patch425
fit patch426
fit patch427
fit patch428
fit patch429
fit patch430
fit patch431
fit patch432
fit patch433
fit patch434
fit patch435
fit patch436
fit patch437
fit patch438
fit patch439
fit patch440
fit patch441
fit patch442
fit patch443
fit patch444
fit patch445
fit patch446
fit patch447
fit patch448
fit patch449
fit patch450
fit patch451
fit patch452
fit patch453
fit patch454
fit patch455
fit patch456
fit patch457
fit patch458
fit patch459
fit patch460
fit patch461
fit patch462
fit patch463
fit patch464
fit patch465
fit patch466
fit patch467
fit patch468
fit patch469
fit patch470
fit patch471
fit patch472
fit patch473
fit patch474
fit patch475
fit patch476
fit patch477
fit patch478
fit patch479
fit patch480
fit patch481
fit patch482
fit patch483
fit patch484
fit patch485
fit patch486
fit patch487
fit patch488
fit patch489
fit patch490
fit patch491
fit patch492
fit patch493
fit patch494
fit patch495
fit patch496
fit patch497
fit patch498
fit patch499
fit patch500
fit patch501
fit patch502
fit patch503
fit patch504
fit patch505
fit patch506
fit patch507
fit patch508
fit patch509
fit patch510
fit patch511
fit patch512
fit patch513
fit patch514
fit patch515
fit patch516
fit patch517
fit patch518
fit patch519
fit patch520
fit patch521
fit patch522
fit patch523
fit patch524
fit patch525
fit patch526
fit patch527
fit patch528
fit patch529
fit patch530
fit patch531
fit patch532
fit patch533
fit patch534
fit patch535
fit patch536
fit patch537
fit patch538
fit patch539
fit patch540
fit patch541
fit patch542
fit patch543
fit patch544
fit patch545
fit patch546
fit patch547
fit patch548
fit patch549
fit patch550
fit patch551
fit patch552
fit patch553
fit patch554
fit patch555
fit patch556
fit patch557
fit patch558
fit patch559
fit patch560
fit patch561
fit patch562
fit patch563
fit patch564
fit patch565
fit patch566
fit patch567
fit patch568
fit patch569
Settings:
source panel ID: f_0
  source_filename: "W0.jpg"
  source_filename_mask: "wood_mask.png"
  source_scale: 1
  source_dpi: 300
  num_markers: 0
source panel ID: f_1
  source_filename: "W1.jpg"
  source_filename_mask: "wood_mask.png"
  source_scale: 1
  source_dpi: 300
  num_markers: 0
source panel ID: f_2
  source_filename: "W2.jpg"
  source_filename_mask: "wood_mask.png"
  source_scale: 1
  source_dpi: 300
  num_markers: 0
source panel ID: f_3
  source_filename: "W3.jpg"
  source_filename_mask: "wood_mask.png"
  source_scale: 1
  source_dpi: 300
  num_markers: 0
source panel ID: f_4
  source_filename: "W4.jpg"
  source_filename_mask: "wood_mask.png"
  source_scale: 1
  source_dpi: 300
  num_markers: 0
source panel ID: f_5
  source_filename: "W5.jpg"
  source_filename_mask: "wood_mask.png"
  source_scale: 1
  source_dpi: 300
  num_markers: 0
source panel ID: f_6
  source_filename: "W6.jpg"
  source_filename_mask: "wood_mask.png"
  source_scale: 1
  source_dpi: 300
  num_markers: 0
source panel ID: f_7
  source_filename: "W7.jpg"
  source_filename_mask: "wood_mask.png"
  source_scale: 1
  source_dpi: 300
  num_markers: 0
source panel ID: f_8
  source_filename: "W8.jpg"
  source_filename_mask: "wood_mask.png"
  source_scale: 1
  source_dpi: 300
  num_markers: 0
target_filename: "img.jpg"
target_scale: 3
target_dpi: 300
target_morphed_grid: yes
min_patch_size: 48
patch_levels: 1
patch_quality_factor: 1.5
weight_intensity: 0.5
weight_sobel: 0.5
weight_gabor: 0
histogram_matching: 0.5
filter_resolution: 32
num_filter_directions: 4
filter_bandwidth_octaves: 1
Compute target responses...
done
Compute 135 texture features...
.........(10)..........(20)..........(30)..........(40)..........(50)..........(60)..........(70)..........(80)..........(90)..........(100)..........(110)..........(120)..........(130)......done
Target 0 approx. size in mm: 243.84 x 162.052
fit patch0
fit patch1
fit patch2
fit patch3
fit patch4
fit patch5
fit patch6
fit patch7
fit patch8
fit patch9
fit patch10
fit patch11
fit patch12
fit patch13
fit patch14
fit patch15
fit patch16
fit patch17
fit patch18
fit patch19
fit patch20
fit patch21
fit patch22
fit patch23
fit patch24
fit patch25
fit patch26
fit patch27
fit patch28
fit patch29
fit patch30
fit patch31
fit patch32
fit patch33
fit patch34
fit patch35
fit patch36
fit patch37
fit patch38
fit patch39
fit patch40
fit patch41
fit patch42
fit patch43
fit patch44
fit patch45
fit patch46
fit patch47
fit patch48
fit patch49
fit patch50
fit patch51
fit patch52
fit patch53
fit patch54
fit patch55
fit patch56
fit patch57
fit patch58
fit patch59
fit patch60
fit patch61
fit patch62
fit patch63
fit patch64
fit patch65
fit patch66
fit patch67
fit patch68
fit patch69
fit patch70
fit patch71
fit patch72
fit patch73
fit patch74
fit patch75
fit patch76
fit patch77
fit patch78
fit patch79
fit patch80
fit patch81
fit patch82
fit patch83
fit patch84
fit patch85
fit patch86
fit patch87
fit patch88
fit patch89
fit patch90
fit patch91
fit patch92
fit patch93
fit patch94
fit patch95
fit patch96
fit patch97
fit patch98
fit patch99
fit patch100
fit patch101
fit patch102
fit patch103
fit patch104
fit patch105
fit patch106
fit patch107
fit patch108
fit patch109
fit patch110
fit patch111
fit patch112
fit patch113
fit patch114
fit patch115
fit patch116
fit patch117
fit patch118
fit patch119
fit patch120
fit patch121
fit patch122
fit patch123
fit patch124
fit patch125
fit patch126
fit patch127
fit patch128
fit patch129
fit patch130
fit patch131
fit patch132
fit patch133
fit patch134
fit patch135
fit patch136
fit patch137
fit patch138
fit patch139
fit patch140
fit patch141
fit patch142
fit patch143
fit patch144
fit patch145
fit patch146
fit patch147
fit patch148
fit patch149
fit patch150
fit patch151
fit patch152
fit patch153
fit patch154
fit patch155
fit patch156
fit patch157
fit patch158
fit patch159
fit patch160
fit patch161
fit patch162
fit patch163
fit patch164
fit patch165
fit patch166
fit patch167
fit patch168
fit patch169
fit patch170
fit patch171
fit patch172
fit patch173
fit patch174
fit patch175
fit patch176
fit patch177
fit patch178
fit patch179
fit patch180
fit patch181
fit patch182
fit patch183
fit patch184
fit patch185
fit patch186
fit patch187
fit patch188
fit patch189
fit patch190
fit patch191
fit patch192
fit patch193
fit patch194
fit patch195
fit patch196
fit patch197
fit patch198
fit patch199
fit patch200
fit patch201
fit patch202
fit patch203
fit patch204
fit patch205
fit patch206
fit patch207
fit patch208
fit patch209
fit patch210
fit patch211
fit patch212
fit patch213
fit patch214
fit patch215
fit patch216
fit patch217
fit patch218
fit patch219
fit patch220
fit patch221
fit patch222
fit patch223
fit patch224
fit patch225
fit patch226
fit patch227
fit patch228
fit patch229
fit patch230
fit patch231
fit patch232
fit patch233
fit patch234
fit patch235
fit patch236
fit patch237
fit patch238
fit patch239
fit patch240
fit patch241
fit patch242
fit patch243
fit patch244
fit patch245
fit patch246
fit patch247
fit patch248
fit patch249
fit patch250
fit patch251
fit patch252
fit patch253
fit patch254
fit patch255
fit patch256
fit patch257
fit patch258
fit patch259
fit patch260
fit patch261
fit patch262
fit patch263
fit patch264
fit patch265
fit patch266
fit patch267
fit patch268
fit patch269
fit patch270
fit patch271
fit patch272
fit patch273
fit patch274
fit patch275
fit patch276
fit patch277
fit patch278
fit patch279
fit patch280
fit patch281
fit patch282
fit patch283
fit patch284
fit patch285
fit patch286
fit patch287
fit patch288
fit patch289
fit patch290
fit patch291
fit patch292
fit patch293
fit patch294
fit patch295
fit patch296
fit patch297
fit patch298
fit patch299
fit patch300
fit patch301
fit patch302
fit patch303
fit patch304
fit patch305
fit patch306
fit patch307
fit patch308
fit patch309
fit patch310
fit patch311
fit patch312
fit patch313
fit patch314
fit patch315
fit patch316
fit patch317
fit patch318
fit patch319
fit patch320
fit patch321
fit patch322
fit patch323
fit patch324
fit patch325
fit patch326
fit patch327
fit patch328
fit patch329
fit patch330
fit patch331
fit patch332
fit patch333
fit patch334
fit patch335
fit patch336
fit patch337
fit patch338
fit patch339
fit patch340
fit patch341
fit patch342
fit patch343
fit patch344
fit patch345
fit patch346
fit patch347
fit patch348
fit patch349
fit patch350
fit patch351
fit patch352
fit patch353
fit patch354
fit patch355
fit patch356
fit patch357
fit patch358
fit patch359
fit patch360
fit patch361
fit patch362
fit patch363
fit patch364
fit patch365
fit patch366
fit patch367
fit patch368
fit patch369
fit patch370
fit patch371
fit patch372
fit patch373
fit patch374
fit patch375
fit patch376
fit patch377
fit patch378
fit patch379
fit patch380
fit patch381
fit patch382
fit patch383
fit patch384
fit patch385
fit patch386
fit patch387
fit patch388
fit patch389
fit patch390
fit patch391
fit patch392
fit patch393
fit patch394
fit patch395
fit patch396
fit patch397
fit patch398
fit patch399
fit patch400
fit patch401
fit patch402
fit patch403
fit patch404
fit patch405
fit patch406
fit patch407
fit patch408
fit patch409
fit patch410
fit patch411
fit patch412
fit patch413
fit patch414
fit patch415
fit patch416
fit patch417
fit patch418
fit patch419
fit patch420
fit patch421
fit patch422
fit patch423
fit patch424
fit patch425
fit patch426
fit patch427
fit patch428
fit patch429
fit patch430
fit patch431
fit patch432
fit patch433
fit patch434
fit patch435
fit patch436
fit patch437
fit patch438
fit patch439
fit patch440
fit patch441
fit patch442
fit patch443
fit patch444
fit patch445
fit patch446
fit patch447
fit patch448
fit patch449
fit patch450
fit patch451
fit patch452
fit patch453
fit patch454
fit patch455
fit patch456
fit patch457
fit patch458
fit patch459
fit patch460
fit patch461
fit patch462
fit patch463
fit patch464
fit patch465
fit patch466
fit patch467
fit patch468
fit patch469
fit patch470
fit patch471
fit patch472
fit patch473
fit patch474
fit patch475
fit patch476
fit patch477
fit patch478
fit patch479
fit patch480
fit patch481
fit patch482
fit patch483
fit patch484
fit patch485
fit patch486
fit patch487
fit patch488
fit patch489
fit patch490
fit patch491
fit patch492
fit patch493
fit patch494
fit patch495
fit patch496
fit patch497
fit patch498
fit patch499
fit patch500
fit patch501
fit patch502
fit patch503
fit patch504
fit patch505
fit patch506
fit patch507
fit patch508
fit patch509
fit patch510
fit patch511
fit patch512
fit patch513
fit patch514
fit patch515
fit patch516
fit patch517
fit patch518
fit patch519
fit patch520
fit patch521
fit patch522
fit patch523
fit patch524
fit patch525
fit patch526
fit patch527
fit patch528
fit patch529
fit patch530
fit patch531
fit patch532
fit patch533
fit patch534
fit patch535
fit patch536
fit patch537
fit patch538
fit patch539
fit patch540
fit patch541
fit patch542
fit patch543
fit patch544
fit patch545
fit patch546
fit patch547
fit patch548
fit patch549
fit patch550
fit patch551
fit patch552
fit patch553
fit patch554
fit patch555
fit patch556
fit patch557
fit patch558
fit patch559
fit patch560
fit patch561
fit patch562
fit patch563
fit patch564
fit patch565
fit patch566
fit patch567
fit patch568
fit patch569
265612.16user 22955.80system 10:45:17elapsed 745%CPU (0avgtext+0avgdata 21211540maxresident)k
6832inputs+700960outputs (36major+7644635665minor)pagefaults 0swaps
Settings:
source panel ID: f_0
  source_filename: "W0.jpg"
  source_filename_mask: "wood_mask.png"
  source_scale: 1
  source_dpi: 300
  num_markers: 0
source panel ID: f_1
  source_filename: "W1.jpg"
  source_filename_mask: "wood_mask.png"
  source_scale: 1
  source_dpi: 300
  num_markers: 0
source panel ID: f_2
  source_filename: "W2.jpg"
  source_filename_mask: "wood_mask.png"
  source_scale: 1
  source_dpi: 300
  num_markers: 0
source panel ID: f_3
  source_filename: "W3.jpg"
  source_filename_mask: "wood_mask.png"
  source_scale: 1
  source_dpi: 300
  num_markers: 0
source panel ID: f_4
  source_filename: "W4.jpg"
  source_filename_mask: "wood_mask.png"
  source_scale: 1
  source_dpi: 300
  num_markers: 0
source panel ID: f_5
  source_filename: "W5.jpg"
  source_filename_mask: "wood_mask.png"
  source_scale: 1
  source_dpi: 300
  num_markers: 0
source panel ID: f_6
  source_filename: "W6.jpg"
  source_filename_mask: "wood_mask.png"
  source_scale: 1
  source_dpi: 300
  num_markers: 0
source panel ID: f_7
  source_filename: "W7.jpg"
  source_filename_mask: "wood_mask.png"
  source_scale: 1
  source_dpi: 300
  num_markers: 0
source panel ID: f_8
  source_filename: "W8.jpg"
  source_filename_mask: "wood_mask.png"
  source_scale: 1
  source_dpi: 300
  num_markers: 0
target_filename: "img.jpg"
target_scale: 5
target_dpi: 300
target_morphed_grid: yes
min_patch_size: 48
patch_levels: 1
patch_quality_factor: 1.5
weight_intensity: 0.5
weight_sobel: 0.5
weight_gabor: 0
histogram_matching: 0.5
filter_resolution: 32
num_filter_directions: 4
filter_bandwidth_octaves: 1
Compute target responses...
done
Compute 135 texture features...
.........(10)..........(20)..........(30)..........(40)..........(50)..........(60)..........(70)..........(80)..........(90)..........(100)..........(110)..........(120)..........(130)......done
Target 0 approx. size in mm: 406.4 x 270.087
fit patch 0/0
fit patch 1/0
fit patch 2/0
fit patch 3/0
fit patch 4/0
fit patch 5/0
fit patch 6/0
fit patch 7/0
fit patch 8/0
fit patch 9/0
fit patch 10/0
fit patch 11/0
fit patch 12/0
fit patch 13/0
fit patch 14/0
fit patch 15/0
fit patch 16/0
fit patch 17/0
fit patch 18/0
fit patch 19/0
fit patch 20/0
fit patch 21/0
fit patch 22/0
fit patch 23/0
fit patch 24/0
fit patch 25/0
fit patch 26/0
fit patch 27/0
fit patch 28/0
fit patch 29/0
fit patch 30/0
fit patch 31/0
fit patch 32/0
fit patch 33/0
fit patch 34/0
fit patch 35/0
fit patch 36/0
fit patch 37/0
fit patch 38/0
fit patch 39/0
fit patch 40/0
fit patch 41/0
fit patch 42/0
fit patch 43/0
fit patch 44/0
fit patch 45/0
fit patch 46/0
fit patch 47/0
fit patch 48/0
fit patch 49/0
fit patch 50/0
fit patch 51/0
fit patch 52/0
fit patch 53/0
fit patch 54/0
fit patch 55/0
fit patch 56/0
fit patch 57/0
fit patch 58/0
fit patch 59/0
fit patch 60/0
fit patch 61/0
fit patch 62/0
fit patch 63/0
fit patch 64/0
fit patch 65/0
fit patch 66/0
fit patch 67/0
fit patch 68/0
fit patch 69/0
fit patch 70/0
fit patch 71/0
fit patch 72/0
fit patch 73/0
fit patch 74/0
fit patch 75/0
fit patch 76/0
fit patch 77/0
fit patch 78/0
fit patch 79/0
fit patch 80/0
fit patch 81/0
fit patch 82/0
fit patch 83/0
fit patch 84/0
fit patch 85/0
fit patch 86/0
fit patch 87/0
fit patch 88/0
fit patch 89/0
fit patch 90/0
fit patch 91/0
fit patch 92/0
fit patch 93/0
fit patch 94/0
fit patch 95/0
fit patch 96/0
fit patch 97/0
fit patch 98/0
fit patch 99/0
fit patch 100/0
fit patch 101/0
fit patch 102/0
fit patch 103/0
fit patch 104/0
fit patch 105/0
fit patch 106/0
fit patch 107/0
fit patch 108/0
fit patch 109/0
fit patch 110/0
fit patch 111/0
fit patch 112/0
fit patch 113/0
fit patch 114/0
fit patch 115/0
fit patch 116/0
fit patch 117/0
fit patch 118/0
fit patch 119/0
fit patch 120/0
fit patch 121/0
fit patch 122/0
fit patch 123/0
fit patch 124/0
fit patch 125/0
fit patch 126/0
fit patch 127/0
fit patch 128/0
fit patch 129/0
fit patch 130/0
fit patch 131/0
fit patch 132/0
fit patch 133/0
fit patch 134/0
fit patch 135/0
fit patch 136/0
fit patch 137/0
fit patch 138/0
fit patch 139/0
fit patch 140/0
fit patch 141/0
fit patch 142/0
fit patch 143/0
fit patch 144/0
fit patch 145/0
fit patch 146/0
fit patch 147/0
fit patch 148/0
fit patch 149/0
fit patch 150/0
fit patch 151/0
fit patch 152/0
fit patch 153/0
fit patch 154/0
fit patch 155/0
fit patch 156/0
fit patch 157/0
fit patch 158/0
fit patch 159/0
fit patch 160/0
fit patch 161/0
fit patch 162/0
fit patch 163/0
fit patch 164/0
fit patch 165/0
fit patch 166/0
fit patch 167/0
fit patch 168/0
fit patch 169/0
fit patch 170/0
fit patch 171/0
fit patch 172/0
fit patch 173/0
fit patch 174/0
fit patch 175/0
fit patch 176/0
fit patch 177/0
fit patch 178/0
fit patch 179/0
fit patch 180/0
fit patch 181/0
fit patch 182/0
fit patch 183/0
fit patch 184/0
fit patch 185/0
fit patch 186/0
fit patch 187/0
fit patch 188/0
fit patch 189/0
fit patch 190/0
fit patch 191/0
fit patch 192/0
fit patch 193/0
fit patch 194/0
fit patch 195/0
fit patch 196/0
fit patch 197/0
fit patch 198/0
fit patch 199/0
fit patch 200/0
fit patch 201/0
fit patch 202/0
fit patch 203/0
fit patch 204/0
fit patch 205/0
fit patch 206/0
fit patch 207/0
fit patch 208/0
fit patch 209/0
fit patch 210/0
fit patch 211/0
fit patch 212/0
fit patch 213/0
fit patch 214/0
fit patch 215/0
fit patch 216/0
fit patch 217/0
fit patch 218/0
fit patch 219/0
fit patch 220/0
fit patch 221/0
fit patch 222/0
fit patch 223/0
fit patch 224/0
fit patch 225/0
fit patch 226/0
fit patch 227/0
fit patch 228/0
fit patch 229/0
fit patch 230/0
fit patch 231/0
fit patch 232/0
fit patch 233/0
fit patch 234/0
fit patch 235/0
fit patch 236/0
fit patch 237/0
fit patch 238/0
fit patch 239/0
fit patch 240/0
fit patch 241/0
fit patch 242/0
fit patch 243/0
fit patch 244/0
fit patch 245/0
fit patch 246/0
fit patch 247/0
fit patch 248/0
fit patch 249/0
fit patch 250/0
fit patch 251/0
fit patch 252/0
fit patch 253/0
fit patch 254/0
fit patch 255/0
fit patch 256/0
fit patch 257/0
fit patch 258/0
fit patch 259/0
fit patch 260/0
fit patch 261/0
fit patch 262/0
fit patch 263/0
fit patch 264/0
fit patch 265/0
fit patch 266/0
fit patch 267/0
fit patch 268/0
fit patch 269/0
fit patch 270/0
fit patch 271/0
fit patch 272/0
fit patch 273/0
fit patch 274/0
fit patch 275/0
fit patch 276/0
fit patch 277/0
fit patch 278/0
fit patch 279/0
fit patch 280/0
fit patch 281/0
fit patch 282/0
fit patch 283/0
fit patch 284/0
fit patch 285/0
fit patch 286/0
fit patch 287/0
fit patch 288/0
fit patch 289/0
fit patch 290/0
fit patch 291/0
fit patch 292/0
fit patch 293/0
fit patch 294/0
fit patch 295/0
fit patch 296/0
fit patch 297/0
fit patch 298/0
fit patch 299/0
fit patch 300/0
fit patch 301/0
fit patch 302/0
fit patch 303/0
fit patch 304/0
fit patch 305/0
fit patch 306/0
fit patch 307/0
fit patch 308/0
fit patch 309/0
fit patch 310/0
fit patch 311/0
fit patch 312/0
fit patch 313/0
fit patch 314/0
fit patch 315/0
fit patch 316/0
fit patch 317/0
fit patch 318/0
fit patch 319/0
fit patch 320/0
fit patch 321/0
fit patch 322/0
fit patch 323/0
fit patch 324/0
fit patch 325/0
fit patch 326/0
fit patch 327/0
fit patch 328/0
fit patch 329/0
fit patch 330/0
fit patch 331/0
fit patch 332/0
fit patch 333/0
fit patch 334/0
fit patch 335/0
fit patch 336/0
fit patch 337/0
fit patch 338/0
fit patch 339/0
fit patch 340/0
fit patch 341/0
fit patch 342/0
fit patch 343/0
fit patch 344/0
fit patch 345/0
fit patch 346/0
fit patch 347/0
fit patch 348/0
fit patch 349/0
fit patch 350/0
fit patch 351/0
fit patch 352/0
fit patch 353/0
fit patch 354/0
fit patch 355/0
fit patch 356/0
fit patch 357/0
fit patch 358/0
fit patch 359/0
fit patch 360/0
fit patch 361/0
fit patch 362/0
fit patch 363/0
fit patch 364/0
fit patch 365/0
fit patch 366/0
fit patch 367/0
fit patch 368/0
fit patch 369/0
fit patch 370/0
fit patch 371/0
fit patch 372/0
fit patch 373/0
fit patch 374/0
fit patch 375/0
fit patch 376/0
fit patch 377/0
fit patch 378/0
fit patch 379/0
fit patch 380/0
fit patch 381/0
fit patch 382/0
fit patch 383/0
fit patch 384/0
fit patch 385/0
fit patch 386/0
fit patch 387/0
fit patch 388/0
fit patch 389/0
fit patch 390/0
fit patch 391/0
fit patch 392/0
fit patch 393/0
fit patch 394/0
fit patch 395/0
fit patch 396/0
fit patch 397/0
fit patch 398/0
fit patch 399/0
fit patch 400/0
fit patch 401/0
fit patch 402/0
fit patch 403/0
fit patch 404/0
fit patch 405/0
fit patch 406/0
fit patch 407/0
fit patch 408/0
fit patch 409/0
fit patch 410/0
fit patch 411/0
fit patch 412/0
fit patch 413/0
fit patch 414/0
fit patch 415/0
fit patch 416/0
fit patch 417/0
fit patch 418/0
fit patch 419/0
fit patch 420/0
fit patch 421/0
fit patch 422/0
fit patch 423/0
fit patch 424/0
fit patch 425/0
fit patch 426/0
fit patch 427/0
fit patch 428/0
fit patch 429/0
fit patch 430/0
fit patch 431/0
fit patch 432/0
fit patch 433/0
fit patch 434/0
fit patch 435/0
fit patch 436/0
fit patch 437/0
fit patch 438/0
fit patch 439/0
fit patch 440/0
fit patch 441/0
fit patch 442/0
fit patch 443/0
fit patch 444/0
fit patch 445/0
fit patch 446/0
fit patch 447/0
fit patch 448/0
fit patch 449/0
fit patch 450/0
fit patch 451/0
fit patch 452/0
fit patch 453/0
fit patch 454/0
fit patch 455/0
fit patch 456/0
fit patch 457/0
fit patch 458/0
fit patch 459/0
fit patch 460/0
fit patch 461/0
fit patch 462/0
fit patch 463/0
fit patch 464/0
fit patch 465/0
fit patch 466/0
fit patch 467/0
fit patch 468/0
fit patch 469/0
fit patch 470/0
fit patch 471/0
fit patch 472/0
fit patch 473/0
fit patch 474/0
fit patch 475/0
fit patch 476/0
fit patch 477/0
fit patch 478/0
fit patch 479/0
fit patch 480/0
fit patch 481/0
fit patch 482/0
fit patch 483/0
fit patch 484/0
fit patch 485/0
fit patch 486/0
fit patch 487/0
fit patch 488/0
fit patch 489/0
fit patch 490/0
fit patch 491/0
fit patch 492/0
fit patch 493/0
fit patch 494/0
fit patch 495/0
fit patch 496/0
fit patch 497/0
fit patch 498/0
fit patch 499/0
fit patch 500/0
fit patch 501/0
fit patch 502/0
fit patch 503/0
fit patch 504/0
fit patch 505/0
fit patch 506/0
fit patch 507/0
fit patch 508/0
fit patch 509/0
fit patch 510/0
fit patch 511/0
fit patch 512/0
fit patch 513/0
fit patch 514/0
fit patch 515/0
fit patch 516/0
fit patch 517/0
fit patch 518/0
fit patch 519/0
fit patch 520/0
fit patch 521/0
fit patch 522/0
fit patch 523/0
fit patch 524/0
fit patch 525/0
fit patch 526/0
fit patch 527/0
fit patch 528/0
fit patch 529/0
fit patch 530/0
fit patch 531/0
fit patch 532/0
fit patch 533/0
fit patch 534/0
fit patch 535/0
fit patch 536/0
fit patch 537/0
fit patch 538/0
fit patch 539/0
fit patch 540/0
fit patch 541/0
fit patch 542/0
fit patch 543/0
fit patch 544/0
fit patch 545/0
fit patch 546/0
fit patch 547/0
fit patch 548/0
fit patch 549/0
fit patch 550/0
fit patch 551/0
fit patch 552/0
fit patch 553/0
fit patch 554/0
fit patch 555/0
fit patch 556/0
fit patch 557/0
fit patch 558/0
fit patch 559/0
fit patch 560/0
fit patch 561/0
fit patch 562/0
fit patch 563/0
fit patch 564/0
fit patch 565/0
fit patch 566/0
fit patch 567/0
fit patch 568/0
fit patch 569/0
[ WARN:0] global ../modules/imgcodecs/src/grfmt_tiff.cpp (956) writeLibTiff OpenCV TIFF(line 956): failed TIFFWriteScanline(tif, buffer, y, 0) == 1
imwrite_('result-visual/0000/0000/source/0005/00000003.tiff'): can't write data: OpenCV(4.2.0) ../modules/imgcodecs/src/grfmt_tiff.cpp:956: error: (-2:Unspecified error) OpenCV TIFF: failed TIFFWriteScanline(tif, buffer, y, 0) == 1 in function 'writeLibTiff'

boost::filesystem::create_directory: No space left on device: "result-visual/0000/0000/source/0006"
Command exited with non-zero status 255
430783.92user 18137.12system 17:52:19elapsed 697%CPU (0avgtext+0avgdata 21379204maxresident)k
124360inputs+606416outputs (313major+6735563684minor)pagefaults 0swaps
