Performing C SOURCE FILE Test CMAKE_HAVE_LIBC_PTHREAD failed with the following output:
Change Dir: /home/thomas/Desktop/build/CMakeFiles/CMakeTmp

Run Build Command(s):/usr/bin/make cmTC_b445b/fast && /usr/bin/make -f CMakeFiles/cmTC_b445b.dir/build.make CMakeFiles/cmTC_b445b.dir/build
make[1]: Entering directory '/home/thomas/Desktop/build/CMakeFiles/CMakeTmp'
Building C object CMakeFiles/cmTC_b445b.dir/src.c.o
/usr/bin/cc   -DCMAKE_HAVE_LIBC_PTHREAD   -o CMakeFiles/cmTC_b445b.dir/src.c.o   -c /home/thomas/Desktop/build/CMakeFiles/CMakeTmp/src.c
Linking C executable cmTC_b445b
/usr/bin/cmake -E cmake_link_script CMakeFiles/cmTC_b445b.dir/link.txt --verbose=1
/usr/bin/cc  -DCMAKE_HAVE_LIBC_PTHREAD    -rdynamic CMakeFiles/cmTC_b445b.dir/src.c.o  -o cmTC_b445b 
/usr/bin/ld: CMakeFiles/cmTC_b445b.dir/src.c.o: in function `main':
src.c:(.text+0x46): undefined reference to `pthread_create'
/usr/bin/ld: src.c:(.text+0x52): undefined reference to `pthread_detach'
/usr/bin/ld: src.c:(.text+0x63): undefined reference to `pthread_join'
collect2: error: ld returned 1 exit status
make[1]: *** [CMakeFiles/cmTC_b445b.dir/build.make:87: cmTC_b445b] Error 1
make[1]: Leaving directory '/home/thomas/Desktop/build/CMakeFiles/CMakeTmp'
make: *** [Makefile:121: cmTC_b445b/fast] Error 2


Source file was:
#include <pthread.h>

void* test_func(void* data)
{
  return data;
}

int main(void)
{
  pthread_t thread;
  pthread_create(&thread, NULL, test_func, NULL);
  pthread_detach(thread);
  pthread_join(thread, NULL);
  pthread_atfork(NULL, NULL, NULL);
  pthread_exit(NULL);

  return 0;
}

Determining if the function pthread_create exists in the pthreads failed with the following output:
Change Dir: /home/thomas/Desktop/build/CMakeFiles/CMakeTmp

Run Build Command(s):/usr/bin/make cmTC_89333/fast && /usr/bin/make -f CMakeFiles/cmTC_89333.dir/build.make CMakeFiles/cmTC_89333.dir/build
make[1]: Entering directory '/home/thomas/Desktop/build/CMakeFiles/CMakeTmp'
Building C object CMakeFiles/cmTC_89333.dir/CheckFunctionExists.c.o
/usr/bin/cc   -DCHECK_FUNCTION_EXISTS=pthread_create   -o CMakeFiles/cmTC_89333.dir/CheckFunctionExists.c.o   -c /usr/share/cmake-3.16/Modules/CheckFunctionExists.c
Linking C executable cmTC_89333
/usr/bin/cmake -E cmake_link_script CMakeFiles/cmTC_89333.dir/link.txt --verbose=1
/usr/bin/cc  -DCHECK_FUNCTION_EXISTS=pthread_create    -rdynamic CMakeFiles/cmTC_89333.dir/CheckFunctionExists.c.o  -o cmTC_89333  -lpthreads 
/usr/bin/ld: cannot find -lpthreads
collect2: error: ld returned 1 exit status
make[1]: *** [CMakeFiles/cmTC_89333.dir/build.make:87: cmTC_89333] Error 1
make[1]: Leaving directory '/home/thomas/Desktop/build/CMakeFiles/CMakeTmp'
make: *** [Makefile:121: cmTC_89333/fast] Error 2



Performing C SOURCE FILE Test CMAKE_HAVE_LIBC_PTHREAD failed with the following output:
Change Dir: /home/tad022002/WoodPixel/CMakeFiles/CMakeTmp

Run Build Command(s):/usr/bin/make cmTC_8bb13/fast && /usr/bin/make -f CMakeFiles/cmTC_8bb13.dir/build.make CMakeFiles/cmTC_8bb13.dir/build
make[1]: Entering directory '/home/tad022002/WoodPixel/CMakeFiles/CMakeTmp'
Building C object CMakeFiles/cmTC_8bb13.dir/src.c.o
/usr/bin/cc   -DCMAKE_HAVE_LIBC_PTHREAD   -o CMakeFiles/cmTC_8bb13.dir/src.c.o   -c /home/tad022002/WoodPixel/CMakeFiles/CMakeTmp/src.c
Linking C executable cmTC_8bb13
/usr/bin/cmake -E cmake_link_script CMakeFiles/cmTC_8bb13.dir/link.txt --verbose=1
/usr/bin/cc  -DCMAKE_HAVE_LIBC_PTHREAD    -rdynamic CMakeFiles/cmTC_8bb13.dir/src.c.o  -o cmTC_8bb13 
/usr/bin/ld: CMakeFiles/cmTC_8bb13.dir/src.c.o: in function `main':
src.c:(.text+0x46): undefined reference to `pthread_create'
/usr/bin/ld: src.c:(.text+0x52): undefined reference to `pthread_detach'
/usr/bin/ld: src.c:(.text+0x63): undefined reference to `pthread_join'
collect2: error: ld returned 1 exit status
make[1]: *** [CMakeFiles/cmTC_8bb13.dir/build.make:87: cmTC_8bb13] Error 1
make[1]: Leaving directory '/home/tad022002/WoodPixel/CMakeFiles/CMakeTmp'
make: *** [Makefile:121: cmTC_8bb13/fast] Error 2


Source file was:
#include <pthread.h>

void* test_func(void* data)
{
  return data;
}

int main(void)
{
  pthread_t thread;
  pthread_create(&thread, NULL, test_func, NULL);
  pthread_detach(thread);
  pthread_join(thread, NULL);
  pthread_atfork(NULL, NULL, NULL);
  pthread_exit(NULL);

  return 0;
}

Determining if the function pthread_create exists in the pthreads failed with the following output:
Change Dir: /home/tad022002/WoodPixel/CMakeFiles/CMakeTmp

Run Build Command(s):/usr/bin/make cmTC_5ecba/fast && /usr/bin/make -f CMakeFiles/cmTC_5ecba.dir/build.make CMakeFiles/cmTC_5ecba.dir/build
make[1]: Entering directory '/home/tad022002/WoodPixel/CMakeFiles/CMakeTmp'
Building C object CMakeFiles/cmTC_5ecba.dir/CheckFunctionExists.c.o
/usr/bin/cc   -DCHECK_FUNCTION_EXISTS=pthread_create   -o CMakeFiles/cmTC_5ecba.dir/CheckFunctionExists.c.o   -c /usr/share/cmake-3.16/Modules/CheckFunctionExists.c
Linking C executable cmTC_5ecba
/usr/bin/cmake -E cmake_link_script CMakeFiles/cmTC_5ecba.dir/link.txt --verbose=1
/usr/bin/cc  -DCHECK_FUNCTION_EXISTS=pthread_create    -rdynamic CMakeFiles/cmTC_5ecba.dir/CheckFunctionExists.c.o  -o cmTC_5ecba  -lpthreads 
/usr/bin/ld: cannot find -lpthreads
collect2: error: ld returned 1 exit status
make[1]: *** [CMakeFiles/cmTC_5ecba.dir/build.make:87: cmTC_5ecba] Error 1
make[1]: Leaving directory '/home/tad022002/WoodPixel/CMakeFiles/CMakeTmp'
make: *** [Makefile:121: cmTC_5ecba/fast] Error 2



Performing C SOURCE FILE Test CMAKE_HAVE_LIBC_PTHREAD failed with the following output:
Change Dir: /home/thomas/Desktop/WoodPixel/CMakeFiles/CMakeTmp

Run Build Command(s):/usr/bin/make cmTC_c1c83/fast && /usr/bin/make -f CMakeFiles/cmTC_c1c83.dir/build.make CMakeFiles/cmTC_c1c83.dir/build
make[1]: Entering directory '/home/thomas/Desktop/WoodPixel/CMakeFiles/CMakeTmp'
Building C object CMakeFiles/cmTC_c1c83.dir/src.c.o
/usr/bin/cc   -DCMAKE_HAVE_LIBC_PTHREAD   -o CMakeFiles/cmTC_c1c83.dir/src.c.o   -c /home/thomas/Desktop/WoodPixel/CMakeFiles/CMakeTmp/src.c
Linking C executable cmTC_c1c83
/usr/bin/cmake -E cmake_link_script CMakeFiles/cmTC_c1c83.dir/link.txt --verbose=1
/usr/bin/cc  -DCMAKE_HAVE_LIBC_PTHREAD    -rdynamic CMakeFiles/cmTC_c1c83.dir/src.c.o  -o cmTC_c1c83 
/usr/bin/ld: CMakeFiles/cmTC_c1c83.dir/src.c.o: in function `main':
src.c:(.text+0x46): undefined reference to `pthread_create'
/usr/bin/ld: src.c:(.text+0x52): undefined reference to `pthread_detach'
/usr/bin/ld: src.c:(.text+0x63): undefined reference to `pthread_join'
collect2: error: ld returned 1 exit status
make[1]: *** [CMakeFiles/cmTC_c1c83.dir/build.make:87: cmTC_c1c83] Error 1
make[1]: Leaving directory '/home/thomas/Desktop/WoodPixel/CMakeFiles/CMakeTmp'
make: *** [Makefile:121: cmTC_c1c83/fast] Error 2


Source file was:
#include <pthread.h>

void* test_func(void* data)
{
  return data;
}

int main(void)
{
  pthread_t thread;
  pthread_create(&thread, NULL, test_func, NULL);
  pthread_detach(thread);
  pthread_join(thread, NULL);
  pthread_atfork(NULL, NULL, NULL);
  pthread_exit(NULL);

  return 0;
}

Determining if the function pthread_create exists in the pthreads failed with the following output:
Change Dir: /home/thomas/Desktop/WoodPixel/CMakeFiles/CMakeTmp

Run Build Command(s):/usr/bin/make cmTC_e5555/fast && /usr/bin/make -f CMakeFiles/cmTC_e5555.dir/build.make CMakeFiles/cmTC_e5555.dir/build
make[1]: Entering directory '/home/thomas/Desktop/WoodPixel/CMakeFiles/CMakeTmp'
Building C object CMakeFiles/cmTC_e5555.dir/CheckFunctionExists.c.o
/usr/bin/cc   -DCHECK_FUNCTION_EXISTS=pthread_create   -o CMakeFiles/cmTC_e5555.dir/CheckFunctionExists.c.o   -c /usr/share/cmake-3.16/Modules/CheckFunctionExists.c
Linking C executable cmTC_e5555
/usr/bin/cmake -E cmake_link_script CMakeFiles/cmTC_e5555.dir/link.txt --verbose=1
/usr/bin/cc  -DCHECK_FUNCTION_EXISTS=pthread_create    -rdynamic CMakeFiles/cmTC_e5555.dir/CheckFunctionExists.c.o  -o cmTC_e5555  -lpthreads 
/usr/bin/ld: cannot find -lpthreads
collect2: error: ld returned 1 exit status
make[1]: *** [CMakeFiles/cmTC_e5555.dir/build.make:87: cmTC_e5555] Error 1
make[1]: Leaving directory '/home/thomas/Desktop/WoodPixel/CMakeFiles/CMakeTmp'
make: *** [Makefile:121: cmTC_e5555/fast] Error 2



